<?xml version="1.0" encoding="UTF-8"?>
<!-- Generated by org.testng.reporters.JUnitXMLReporter -->
<testsuite ignored="1" hostname="LAPTOP-SUROD588" failures="2" tests="2" name="Test" time="0.748" errors="0" timestamp="2023-03-17T22:51:29 PDT">
  <testcase classname="functionalTest.GetListUsersTest" name="getUsersById" time="0.006">
    <failure type="java.lang.NullPointerException" message="Cannot invoke &amp;quot;io.restassured.response.Response.statusCode()&amp;quot; because &amp;quot;this.response&amp;quot; is null">
      <![CDATA[java.lang.NullPointerException: Cannot invoke "io.restassured.response.Response.statusCode()" because "this.response" is null
at utils.RestSpecifications.validateStatusCode(RestSpecifications.java:86)
at functionalTest.GetListUsersTest.getUsersById(GetListUsersTest.java:24)
at java.base/java.util.ArrayList.forEach(ArrayList.java:1511)
... Removed 27 stack frames]]>
    </failure>
  </testcase> <!-- getUsersById -->
  <testcase classname="functionalTest.GetListUsersTest" name="responseValidation" time="0.001">
    <failure type="java.lang.NullPointerException" message="Cannot invoke &amp;quot;io.restassured.response.Response.getBody()&amp;quot; because the return value of &amp;quot;endpoints.Users.getResponse()&amp;quot; is null">
      <![CDATA[java.lang.NullPointerException: Cannot invoke "io.restassured.response.Response.getBody()" because the return value of "endpoints.Users.getResponse()" is null
at functionalTest.GetListUsersTest.responseValidation(GetListUsersTest.java:32)
at java.base/java.util.ArrayList.forEach(ArrayList.java:1511)
... Removed 27 stack frames]]>
    </failure>
  </testcase> <!-- responseValidation -->
  <testcase classname="functionalTest.GetListUsersTest" name="getUsersValidation" time="0.0">
    <ignored/>
  </testcase> <!-- getUsersValidation -->
</testsuite> <!-- Test -->
